<?xml version="1.0" encoding="UTF-8"?>
<!-- Generated by org.testng.reporters.JUnitXMLReporter -->
<testsuite hostname="AhmadMalloh" tests="9" failures="0" timestamp="29 Nov 2021 20:58:02 GMT" time="3.884" errors="0">
  <testcase name="AddNewCustomer" time="2.88" classname="DynamicJson"/>
  <testcase name="AddNewCustomer" time="0.068" classname="DynamicJson"/>
  <testcase name="AddNewCustomer" time="0.068" classname="DynamicJson"/>
  <testcase name="UpdateAddedCustomer" time="0.077" classname="DynamicJson"/>
  <testcase name="UpdateAddedCustomer" time="0.037" classname="DynamicJson"/>
  <testcase name="UpdateAddedCustomer" time="0.05" classname="DynamicJson"/>
  <testcase name="GetCustomer" time="0.062" classname="DynamicJson"/>
  <testcase name="GetCustomer" time="0.049" classname="DynamicJson"/>
  <testcase name="GetCustomer" time="0.047" classname="DynamicJson"/>
</testsuite>
